app/build/outputs/logs/manifest-merger-allarchs-debug-report.txt
-- Merging decision tree log ---
manifest
ADDED from src/main/AndroidManifest.xml:2:1-102:12
	package
		ADDED from src/main/AndroidManifest.xml:3:5-46
		INJECTED from src/main/AndroidManifest.xml
		INJECTED from src/main/AndroidManifest.xml
	android:versionName
		INJECTED from src/main/AndroidManifest.xml
		INJECTED from src/main/AndroidManifest.xml
	xmlns:android
		ADDED from src/main/AndroidManifest.xml:2:11-69
	android:versionCode
		INJECTED from src/main/AndroidManifest.xml
		INJECTED from src/main/AndroidManifest.xml
uses-permission#android.permission.CAMERA
ADDED from src/main/AndroidManifest.xml:5:5-65
	android:name
		ADDED from src/main/AndroidManifest.xml:5:22-62
uses-permission#android.permission.WRITE_EXTERNAL_STORAGE
ADDED from src/main/AndroidManifest.xml:6:5-81
	android:name
		ADDED from src/main/AndroidManifest.xml:6:22-78
uses-permission#android.permission.INTERNET
ADDED from src/main/AndroidManifest.xml:7:5-67
	android:name
		ADDED from src/main/AndroidManifest.xml:7:22-64
uses-feature#0x00020000
ADDED from src/main/AndroidManifest.xml:10:5-12:35
	android:glEsVersion
		ADDED from src/main/AndroidManifest.xml:11:9-41
	android:required
		ADDED from src/main/AndroidManifest.xml:12:9-32
uses-feature#android.hardware.camera
ADDED from src/main/AndroidManifest.xml:15:5-17:35
	android:required
		ADDED from src/main/AndroidManifest.xml:17:9-32
	android:name
		ADDED from src/main/AndroidManifest.xml:16:9-47
application
ADDED from src/main/AndroidManifest.xml:20:5-101:19
MERGED from [:wikitude-native-sdk:] AndroidManifest.xml:11:5-14:19
MERGED from [com.android.support:design:26.0.0] AndroidManifest.xml:25:5-29:19
MERGED from [com.android.support:recyclerview-v7:26.0.0] AndroidManifest.xml:22:5-26:19
MERGED from [com.android.support:transition:26.0.0] AndroidManifest.xml:22:5-26:19
MERGED from [com.android.support.constraint:constraint-layout:1.0.2] AndroidManifest.xml:9:5-20
MERGED from [com.android.support:appcompat-v7:26.0.0] AndroidManifest.xml:25:5-29:19
MERGED from [com.android.support:support-v4:26.0.0] AndroidManifest.xml:25:5-29:19
MERGED from [com.android.support:support-media-compat:26.0.0] AndroidManifest.xml:25:5-29:19
MERGED from [com.android.support:support-fragment:26.0.0] AndroidManifest.xml:25:5-29:19
MERGED from [com.android.support:support-core-utils:26.0.0] AndroidManifest.xml:25:5-29:19
MERGED from [com.android.support:animated-vector-drawable:26.0.0] AndroidManifest.xml:22:5-26:19
MERGED from [com.android.support:support-vector-drawable:26.0.0] AndroidManifest.xml:22:5-26:19
MERGED from [com.android.support:support-core-ui:26.0.0] AndroidManifest.xml:25:5-29:19
MERGED from [com.android.support:support-compat:26.0.0] AndroidManifest.xml:25:5-29:19
	android:label
		ADDED from src/main/AndroidManifest.xml:23:9-41
	android:resizeableActivity
		ADDED from src/main/AndroidManifest.xml:25:9-43
	android:allowBackup
		ADDED from src/main/AndroidManifest.xml:21:9-35
	android:icon
		ADDED from src/main/AndroidManifest.xml:22:9-43
	android:theme
		ADDED from src/main/AndroidManifest.xml:24:9-40
activity#com.wikitude.samples.MainActivity
ADDED from src/main/AndroidManifest.xml:26:9-32:20
	android:name
		ADDED from src/main/AndroidManifest.xml:26:19-67
intent-filter#android.intent.action.MAIN+android.intent.category.LAUNCHER
ADDED from src/main/AndroidManifest.xml:27:13-31:29
action#android.intent.action.MAIN
ADDED from src/main/AndroidManifest.xml:28:17-69
	android:name
		ADDED from src/main/AndroidManifest.xml:28:25-66
category#android.intent.category.LAUNCHER
ADDED from src/main/AndroidManifest.xml:30:17-77
	android:name
		ADDED from src/main/AndroidManifest.xml:30:27-74
activity#com.wikitude.samples.tracking.image.SimpleImageTrackingActivity
ADDED from src/main/AndroidManifest.xml:34:9-37:57
	android:screenOrientation
		ADDED from src/main/AndroidManifest.xml:37:17-55
	android:configChanges
		ADDED from src/main/AndroidManifest.xml:36:17-78
	android:name
		ADDED from src/main/AndroidManifest.xml:35:17-95
activity#com.wikitude.samples.tracking.image.ExtendedImageTrackingActivity
ADDED from src/main/AndroidManifest.xml:38:9-41:57
	android:screenOrientation
		ADDED from src/main/AndroidManifest.xml:41:17-55
	android:configChanges
		ADDED from src/main/AndroidManifest.xml:40:17-78
	android:name
		ADDED from src/main/AndroidManifest.xml:39:17-97
activity#com.wikitude.samples.tracking.image.MultipleTargetsImageTrackingActivity
ADDED from src/main/AndroidManifest.xml:42:9-45:57
	android:screenOrientation
		ADDED from src/main/AndroidManifest.xml:45:17-55
	android:configChanges
		ADDED from src/main/AndroidManifest.xml:44:17-78
	android:name
		ADDED from src/main/AndroidManifest.xml:43:17-104
activity#com.wikitude.samples.tracking.cloud.ContinuousCloudRecognitionActivity
ADDED from src/main/AndroidManifest.xml:47:9-50:57
	android:screenOrientation
		ADDED from src/main/AndroidManifest.xml:50:17-55
	android:configChanges
		ADDED from src/main/AndroidManifest.xml:49:17-78
	android:name
		ADDED from src/main/AndroidManifest.xml:48:17-102
activity#com.wikitude.samples.tracking.cloud.SingleCloudRecognitionActivity
ADDED from src/main/AndroidManifest.xml:51:9-54:57
	android:screenOrientation
		ADDED from src/main/AndroidManifest.xml:54:17-55
	android:configChanges
		ADDED from src/main/AndroidManifest.xml:53:17-78
	android:name
		ADDED from src/main/AndroidManifest.xml:52:17-98
activity#com.wikitude.samples.tracking.instant.InstantTrackingActivity
ADDED from src/main/AndroidManifest.xml:56:9-59:57
	android:screenOrientation
		ADDED from src/main/AndroidManifest.xml:59:17-55
	android:configChanges
		ADDED from src/main/AndroidManifest.xml:58:17-78
	android:name
		ADDED from src/main/AndroidManifest.xml:57:17-93
activity#com.wikitude.samples.tracking.instant.InstantScenePickingActivity
ADDED from src/main/AndroidManifest.xml:60:9-63:57
	android:screenOrientation
		ADDED from src/main/AndroidManifest.xml:63:17-55
	android:configChanges
		ADDED from src/main/AndroidManifest.xml:62:17-78
	android:name
		ADDED from src/main/AndroidManifest.xml:61:17-97
activity#com.wikitude.samples.tracking.object.ObjectTrackingActivity
ADDED from src/main/AndroidManifest.xml:65:9-68:57
	android:screenOrientation
		ADDED from src/main/AndroidManifest.xml:68:17-55
	android:configChanges
		ADDED from src/main/AndroidManifest.xml:67:17-78
	android:name
		ADDED from src/main/AndroidManifest.xml:66:17-91
activity#com.wikitude.samples.rendering.external.ExternalRenderingActivity
ADDED from src/main/AndroidManifest.xml:70:9-73:57
	android:screenOrientation
		ADDED from src/main/AndroidManifest.xml:73:17-55
	android:configChanges
		ADDED from src/main/AndroidManifest.xml:72:17-78
	android:name
		ADDED from src/main/AndroidManifest.xml:71:17-97
activity#com.wikitude.samples.rendering.internal.InternalRenderingActivity
ADDED from src/main/AndroidManifest.xml:74:9-77:57
	android:screenOrientation
		ADDED from src/main/AndroidManifest.xml:77:17-55
	android:configChanges
		ADDED from src/main/AndroidManifest.xml:76:17-78
	android:name
		ADDED from src/main/AndroidManifest.xml:75:17-97
activity#com.wikitude.samples.plugins.BarcodePluginActivity
ADDED from src/main/AndroidManifest.xml:79:9-82:57
	android:screenOrientation
		ADDED from src/main/AndroidManifest.xml:82:17-55
	android:configChanges
		ADDED from src/main/AndroidManifest.xml:81:17-78
	android:name
		ADDED from src/main/AndroidManifest.xml:80:17-82
activity#com.wikitude.samples.plugins.FaceDetectionPluginActivity
ADDED from src/main/AndroidManifest.xml:83:9-86:57
	android:screenOrientation
		ADDED from src/main/AndroidManifest.xml:86:17-55
	android:configChanges
		ADDED from src/main/AndroidManifest.xml:85:17-78
	android:name
		ADDED from src/main/AndroidManifest.xml:84:17-88
activity#com.wikitude.samples.plugins.SimpleInputPluginActivity
ADDED from src/main/AndroidManifest.xml:87:9-90:57
	android:screenOrientation
		ADDED from src/main/AndroidManifest.xml:90:17-55
	android:configChanges
		ADDED from src/main/AndroidManifest.xml:89:17-78
	android:name
		ADDED from src/main/AndroidManifest.xml:88:17-86
activity#com.wikitude.samples.plugins.CustomCameraActivity
ADDED from src/main/AndroidManifest.xml:91:9-94:57
	android:screenOrientation
		ADDED from src/main/AndroidManifest.xml:94:17-55
	android:configChanges
		ADDED from src/main/AndroidManifest.xml:93:17-78
	android:name
		ADDED from src/main/AndroidManifest.xml:92:17-81
activity#com.wikitude.samples.camera.CameraSettingsActivity
ADDED from src/main/AndroidManifest.xml:96:9-99:57
	android:screenOrientation
		ADDED from src/main/AndroidManifest.xml:99:17-55
	android:configChanges
		ADDED from src/main/AndroidManifest.xml:98:17-78
	android:name
		ADDED from src/main/AndroidManifest.xml:97:17-82
uses-sdk
INJECTED from src/main/AndroidManifest.xml reason: use-sdk injection requested
MERGED from [NativeSDKExamples:plugins:unspecified:allarchsRelease] AndroidManifest.xml:6:5-8:41
MERGED from [:wikitude-native-sdk:] AndroidManifest.xml:7:5-9:41
MERGED from [com.android.support:design:26.0.0] AndroidManifest.xml:21:5-23:62
MERGED from [com.android.support:multidex:1.0.1] AndroidManifest.xml:18:5-42
MERGED from [com.android.support:recyclerview-v7:26.0.0] AndroidManifest.xml:20:5-44
MERGED from [com.android.support:transition:26.0.0] AndroidManifest.xml:20:5-44
MERGED from [com.android.support.constraint:constraint-layout:1.0.2] AndroidManifest.xml:5:5-7:41
MERGED from [com.google.android:flexbox:0.2.5] AndroidManifest.xml:23:5-25:41
MERGED from [com.android.support:appcompat-v7:26.0.0] AndroidManifest.xml:21:5-23:78
MERGED from [com.android.support:support-v4:26.0.0] AndroidManifest.xml:21:5-23:54
MERGED from [com.android.support:support-media-compat:26.0.0] AndroidManifest.xml:21:5-23:63
MERGED from [com.android.support:support-fragment:26.0.0] AndroidManifest.xml:21:5-23:60
MERGED from [com.android.support:support-core-utils:26.0.0] AndroidManifest.xml:21:5-23:61
MERGED from [com.android.support:animated-vector-drawable:26.0.0] AndroidManifest.xml:20:5-44
MERGED from [com.android.support:support-vector-drawable:26.0.0] AndroidManifest.xml:20:5-44
MERGED from [com.android.support:support-core-ui:26.0.0] AndroidManifest.xml:21:5-23:58
MERGED from [com.android.support:support-compat:26.0.0] AndroidManifest.xml:21:5-23:58
	tools:overrideLibrary
		ADDED from [com.android.support:design:26.0.0] AndroidManifest.xml:23:9-59
	android:targetSdkVersion
		INJECTED from src/main/AndroidManifest.xml
		INJECTED from src/main/AndroidManifest.xml
	android:minSdkVersion
		INJECTED from src/main/AndroidManifest.xml
		INJECTED from src/main/AndroidManifest.xml
meta-data#android.support.VERSION
ADDED from [com.android.support:design:26.0.0] AndroidManifest.xml:26:9-28:38
MERGED from [com.android.support:recyclerview-v7:26.0.0] AndroidManifest.xml:23:9-25:38
MERGED from [com.android.support:transition:26.0.0] AndroidManifest.xml:23:9-25:38
MERGED from [com.android.support:appcompat-v7:26.0.0] AndroidManifest.xml:26:9-28:38
MERGED from [com.android.support:support-v4:26.0.0] AndroidManifest.xml:26:9-28:38
MERGED from [com.android.support:support-media-compat:26.0.0] AndroidManifest.xml:26:9-28:38
MERGED from [com.android.support:support-fragment:26.0.0] AndroidManifest.xml:26:9-28:38
MERGED from [com.android.support:support-core-utils:26.0.0] AndroidManifest.xml:26:9-28:38
MERGED from [com.android.support:animated-vector-drawable:26.0.0] AndroidManifest.xml:23:9-25:38
MERGED from [com.android.support:support-vector-drawable:26.0.0] AndroidManifest.xml:23:9-25:38
MERGED from [com.android.support:support-core-ui:26.0.0] AndroidManifest.xml:26:9-28:38
MERGED from [com.android.support:support-compat:26.0.0] AndroidManifest.xml:26:9-28:38
	android:value
		ADDED from [com.android.support:design:26.0.0] AndroidManifest.xml:28:13-35
	android:name
		ADDED from [com.android.support:design:26.0.0] AndroidManifest.xml:27:13-51